<?xml version="1.0" encoding="UTF-8"?>
<robot generator="Robot 3.0.4 (Python 3.6.5 on darwin)" generated="20180731 21:03:24.163">
<suite id="s1" name="Testcase" source="/Users/oh/Desktop/djangoCourse/TestRobot/Tests/testcase.robot">
<test id="s1-t1" name="Valid Login">
<kw name="Open Browser" library="Selenium2Library">
<doc>Opens a new browser instance to the given ``url``.</doc>
<arguments>
<arg>http://localhost:8000</arg>
<arg>chrome</arg>
</arguments>
<msg timestamp="20180731 21:03:24.835" level="INFO">Opening browser 'chrome' to base url 'http://localhost:8000'.</msg>
<status status="PASS" starttime="20180731 21:03:24.835" endtime="20180731 21:03:29.124"></status>
</kw>
<kw name="Wait Until Page Contains" library="Selenium2Library">
<doc>Waits until ``text`` appears on current page.</doc>
<arguments>
<arg>Vui lòng đăng nhập!</arg>
</arguments>
<status status="PASS" starttime="20180731 21:03:29.125" endtime="20180731 21:03:29.147"></status>
</kw>
<kw name="Input Text" library="Selenium2Library">
<doc>Types the given ``text`` into text field identified by ``locator``.</doc>
<arguments>
<arg>id=__BVID__1</arg>
<arg>admincourse</arg>
</arguments>
<msg timestamp="20180731 21:03:29.147" level="INFO">Typing text 'admincourse' into text field 'id=__BVID__1'.</msg>
<status status="PASS" starttime="20180731 21:03:29.147" endtime="20180731 21:03:29.354"></status>
</kw>
<kw name="Input Password" library="Selenium2Library">
<doc>Types the given password into text field identified by ``locator``.</doc>
<arguments>
<arg>id=__BVID__2</arg>
<arg>admincourse</arg>
</arguments>
<msg timestamp="20180731 21:03:29.355" level="INFO">Typing password into text field 'id=__BVID__2'.</msg>
<status status="PASS" starttime="20180731 21:03:29.354" endtime="20180731 21:03:29.526"></status>
</kw>
<kw name="Click Button" library="Selenium2Library">
<doc>Clicks button identified by ``locator``.</doc>
<arguments>
<arg>xpath=//button[@type='submit']</arg>
</arguments>
<msg timestamp="20180731 21:03:29.527" level="INFO">Clicking button 'xpath=//button[@type='submit']'.</msg>
<status status="PASS" starttime="20180731 21:03:29.527" endtime="20180731 21:03:29.659"></status>
</kw>
<kw name="Wait Until Page Contains" library="Selenium2Library">
<doc>Waits until ``text`` appears on current page.</doc>
<arguments>
<arg>Đăng xuất</arg>
</arguments>
<status status="PASS" starttime="20180731 21:03:29.660" endtime="20180731 21:03:33.773"></status>
</kw>
<kw name="Click Link" library="Selenium2Library">
<doc>Clicks a link identified by ``locator``.</doc>
<arguments>
<arg>Đăng xuất</arg>
</arguments>
<msg timestamp="20180731 21:03:33.773" level="INFO">Clicking link 'Đăng xuất'.</msg>
<status status="PASS" starttime="20180731 21:03:33.773" endtime="20180731 21:03:34.536"></status>
</kw>
<kw name="Close Browser" library="Selenium2Library">
<doc>Closes the current browser.</doc>
<status status="PASS" starttime="20180731 21:03:34.536" endtime="20180731 21:03:34.622"></status>
</kw>
<doc>Present some information about this test case</doc>
<status status="PASS" starttime="20180731 21:03:24.834" endtime="20180731 21:03:34.622" critical="yes"></status>
</test>
<test id="s1-t2" name="Create Account">
<kw name="Open Browser" library="Selenium2Library">
<doc>Opens a new browser instance to the given ``url``.</doc>
<arguments>
<arg>http://localhost:8000</arg>
<arg>chrome</arg>
</arguments>
<msg timestamp="20180731 21:03:34.625" level="INFO">Opening browser 'chrome' to base url 'http://localhost:8000'.</msg>
<status status="PASS" starttime="20180731 21:03:34.625" endtime="20180731 21:03:39.083"></status>
</kw>
<kw name="Wait Until Page Contains" library="Selenium2Library">
<doc>Waits until ``text`` appears on current page.</doc>
<arguments>
<arg>Vui lòng đăng nhập!</arg>
</arguments>
<status status="PASS" starttime="20180731 21:03:39.084" endtime="20180731 21:03:39.146"></status>
</kw>
<kw name="Input Text" library="Selenium2Library">
<doc>Types the given ``text`` into text field identified by ``locator``.</doc>
<arguments>
<arg>id=__BVID__1</arg>
<arg>admincourse</arg>
</arguments>
<msg timestamp="20180731 21:03:39.146" level="INFO">Typing text 'admincourse' into text field 'id=__BVID__1'.</msg>
<status status="PASS" starttime="20180731 21:03:39.146" endtime="20180731 21:03:39.382"></status>
</kw>
<kw name="Input Password" library="Selenium2Library">
<doc>Types the given password into text field identified by ``locator``.</doc>
<arguments>
<arg>id=__BVID__2</arg>
<arg>admincourse</arg>
</arguments>
<msg timestamp="20180731 21:03:39.383" level="INFO">Typing password into text field 'id=__BVID__2'.</msg>
<status status="PASS" starttime="20180731 21:03:39.382" endtime="20180731 21:03:39.551"></status>
</kw>
<kw name="Click Button" library="Selenium2Library">
<doc>Clicks button identified by ``locator``.</doc>
<arguments>
<arg>xpath=//button[@type='submit']</arg>
</arguments>
<msg timestamp="20180731 21:03:39.552" level="INFO">Clicking button 'xpath=//button[@type='submit']'.</msg>
<status status="PASS" starttime="20180731 21:03:39.551" endtime="20180731 21:03:39.684"></status>
</kw>
<kw name="Wait Until Page Contains" library="Selenium2Library">
<doc>Waits until ``text`` appears on current page.</doc>
<arguments>
<arg>Đăng xuất</arg>
</arguments>
<status status="PASS" starttime="20180731 21:03:39.685" endtime="20180731 21:03:43.960"></status>
</kw>
<kw name="Go To" library="Selenium2Library">
<doc>Navigates the active browser instance to the provided ``url``.</doc>
<arguments>
<arg>http://localhost:8000/app/users/</arg>
</arguments>
<msg timestamp="20180731 21:03:43.961" level="INFO">Opening url 'http://localhost:8000/app/users/'</msg>
<status status="PASS" starttime="20180731 21:03:43.961" endtime="20180731 21:03:44.450"></status>
</kw>
<kw name="Wait Until Page Contains" library="Selenium2Library">
<doc>Waits until ``text`` appears on current page.</doc>
<arguments>
<arg>Học viên</arg>
</arguments>
<status status="PASS" starttime="20180731 21:03:44.451" endtime="20180731 21:03:44.481"></status>
</kw>
<kw name="Click Button" library="Selenium2Library">
<doc>Clicks button identified by ``locator``.</doc>
<arguments>
<arg>xpath=(//button[@type='button'])[3]</arg>
</arguments>
<msg timestamp="20180731 21:03:44.482" level="INFO">Clicking button 'xpath=(//button[@type='button'])[3]'.</msg>
<status status="PASS" starttime="20180731 21:03:44.482" endtime="20180731 21:03:44.598"></status>
</kw>
<kw name="Input Text" library="Selenium2Library">
<doc>Types the given ``text`` into text field identified by ``locator``.</doc>
<arguments>
<arg>id=exstudent1</arg>
<arg>hv1</arg>
</arguments>
<msg timestamp="20180731 21:03:44.599" level="INFO">Typing text 'hv1' into text field 'id=exstudent1'.</msg>
<status status="PASS" starttime="20180731 21:03:44.598" endtime="20180731 21:03:44.783"></status>
</kw>
<kw name="Choose File" library="Selenium2Library">
<doc>Inputs the ``file_path`` into file input field ``locator``.</doc>
<arguments>
<arg>id=exstudent2</arg>
<arg>/Users/oh/Downloads/identicon.png</arg>
</arguments>
<status status="PASS" starttime="20180731 21:03:44.784" endtime="20180731 21:03:44.860"></status>
</kw>
<kw name="Input Text" library="Selenium2Library">
<doc>Types the given ``text`` into text field identified by ``locator``.</doc>
<arguments>
<arg>id=exstudent3</arg>
<arg>Nguyễn Văn A</arg>
</arguments>
<msg timestamp="20180731 21:03:44.860" level="INFO">Typing text 'Nguyễn Văn A' into text field 'id=exstudent3'.</msg>
<status status="PASS" starttime="20180731 21:03:44.860" endtime="20180731 21:03:45.216"></status>
</kw>
<kw name="Input Text" library="Selenium2Library">
<doc>Types the given ``text`` into text field identified by ``locator``.</doc>
<arguments>
<arg>id=exstudent4</arg>
<arg>hs1@gmail.com</arg>
</arguments>
<msg timestamp="20180731 21:03:45.217" level="INFO">Typing text 'hs1@gmail.com' into text field 'id=exstudent4'.</msg>
<status status="PASS" starttime="20180731 21:03:45.216" endtime="20180731 21:03:45.540"></status>
</kw>
<kw name="Input Text" library="Selenium2Library">
<doc>Types the given ``text`` into text field identified by ``locator``.</doc>
<arguments>
<arg>id=exstudent5</arg>
<arg>1234</arg>
</arguments>
<msg timestamp="20180731 21:03:45.541" level="INFO">Typing text '1234' into text field 'id=exstudent5'.</msg>
<status status="PASS" starttime="20180731 21:03:45.540" endtime="20180731 21:03:45.682"></status>
</kw>
<kw name="Click Element" library="Selenium2Library">
<doc>Click element identified by ``locator``.</doc>
<arguments>
<arg>id=addnewstudent</arg>
</arguments>
<msg timestamp="20180731 21:03:45.683" level="INFO">Clicking element 'id=addnewstudent'.</msg>
<status status="PASS" starttime="20180731 21:03:45.682" endtime="20180731 21:03:45.765"></status>
</kw>
<kw name="Wait Until Element Is Not Visible" library="Selenium2Library">
<doc>Waits until element ``locator`` is not visible.</doc>
<arguments>
<arg>id=addnewstudent</arg>
</arguments>
<status status="PASS" starttime="20180731 21:03:45.766" endtime="20180731 21:03:47.369"></status>
</kw>
<kw name="Click Link" library="Selenium2Library">
<doc>Clicks a link identified by ``locator``.</doc>
<arguments>
<arg>id=__BVID__28___BV_tab_button__</arg>
</arguments>
<msg timestamp="20180731 21:03:47.370" level="INFO">Clicking link 'id=__BVID__28___BV_tab_button__'.</msg>
<status status="PASS" starttime="20180731 21:03:47.369" endtime="20180731 21:03:47.446"></status>
</kw>
<kw name="Click Button" library="Selenium2Library">
<doc>Clicks button identified by ``locator``.</doc>
<arguments>
<arg>xpath=(//button[@type='button'])[9]</arg>
</arguments>
<msg timestamp="20180731 21:03:47.447" level="INFO">Clicking button 'xpath=(//button[@type='button'])[9]'.</msg>
<status status="PASS" starttime="20180731 21:03:47.446" endtime="20180731 21:03:47.551"></status>
</kw>
<kw name="Input Text" library="Selenium2Library">
<doc>Types the given ``text`` into text field identified by ``locator``.</doc>
<arguments>
<arg>id=exampleInput1</arg>
<arg>gv1</arg>
</arguments>
<msg timestamp="20180731 21:03:47.552" level="INFO">Typing text 'gv1' into text field 'id=exampleInput1'.</msg>
<status status="PASS" starttime="20180731 21:03:47.551" endtime="20180731 21:03:47.684"></status>
</kw>
<kw name="Choose File" library="Selenium2Library">
<doc>Inputs the ``file_path`` into file input field ``locator``.</doc>
<arguments>
<arg>id=exampleInput2</arg>
<arg>/Users/oh/Downloads/identicon.png</arg>
</arguments>
<status status="PASS" starttime="20180731 21:03:47.684" endtime="20180731 21:03:47.727"></status>
</kw>
<kw name="Input Text" library="Selenium2Library">
<doc>Types the given ``text`` into text field identified by ``locator``.</doc>
<arguments>
<arg>id=exampleInput3</arg>
<arg>Nguyễn Văn B</arg>
</arguments>
<msg timestamp="20180731 21:03:47.728" level="INFO">Typing text 'Nguyễn Văn B' into text field 'id=exampleInput3'.</msg>
<status status="PASS" starttime="20180731 21:03:47.728" endtime="20180731 21:03:48.015"></status>
</kw>
<kw name="Input Text" library="Selenium2Library">
<doc>Types the given ``text`` into text field identified by ``locator``.</doc>
<arguments>
<arg>id=exampleInput4</arg>
<arg>gv1@gmail.com</arg>
</arguments>
<msg timestamp="20180731 21:03:48.016" level="INFO">Typing text 'gv1@gmail.com' into text field 'id=exampleInput4'.</msg>
<status status="PASS" starttime="20180731 21:03:48.015" endtime="20180731 21:03:48.301"></status>
</kw>
<kw name="Input Text" library="Selenium2Library">
<doc>Types the given ``text`` into text field identified by ``locator``.</doc>
<arguments>
<arg>id=exampleInput5</arg>
<arg>1234</arg>
</arguments>
<msg timestamp="20180731 21:03:48.302" level="INFO">Typing text '1234' into text field 'id=exampleInput5'.</msg>
<status status="PASS" starttime="20180731 21:03:48.302" endtime="20180731 21:03:48.429"></status>
</kw>
<kw name="Click Element" library="Selenium2Library">
<doc>Click element identified by ``locator``.</doc>
<arguments>
<arg>id=addnewteacher</arg>
</arguments>
<msg timestamp="20180731 21:03:48.430" level="INFO">Clicking element 'id=addnewteacher'.</msg>
<status status="PASS" starttime="20180731 21:03:48.429" endtime="20180731 21:03:48.519"></status>
</kw>
<kw name="Wait Until Element Is Not Visible" library="Selenium2Library">
<doc>Waits until element ``locator`` is not visible.</doc>
<arguments>
<arg>id=addnewteacher</arg>
</arguments>
<status status="PASS" starttime="20180731 21:03:48.520" endtime="20180731 21:03:50.111"></status>
</kw>
<kw name="Click Element" library="Selenium2Library">
<doc>Click element identified by ``locator``.</doc>
<arguments>
<arg>//table[@id='dataTableTeacher']/tbody/tr/td[2]</arg>
</arguments>
<msg timestamp="20180731 21:03:50.112" level="INFO">Clicking element '//table[@id='dataTableTeacher']/tbody/tr/td[2]'.</msg>
<status status="PASS" starttime="20180731 21:03:50.111" endtime="20180731 21:03:50.197"></status>
</kw>
<kw name="Click Button" library="Selenium2Library">
<doc>Clicks button identified by ``locator``.</doc>
<arguments>
<arg>id=vdeleteteacherbtn</arg>
</arguments>
<msg timestamp="20180731 21:03:50.198" level="INFO">Clicking button 'id=vdeleteteacherbtn'.</msg>
<status status="PASS" starttime="20180731 21:03:50.197" endtime="20180731 21:03:50.327"></status>
</kw>
<kw name="Wait Until Element Is Not Visible" library="Selenium2Library">
<doc>Waits until element ``locator`` is not visible.</doc>
<arguments>
<arg>id=vdeleteteacherbtn</arg>
</arguments>
<status status="PASS" starttime="20180731 21:03:50.328" endtime="20180731 21:03:50.360"></status>
</kw>
<kw name="Go To" library="Selenium2Library">
<doc>Navigates the active browser instance to the provided ``url``.</doc>
<arguments>
<arg>http://localhost:8000/app/users/</arg>
</arguments>
<msg timestamp="20180731 21:03:50.361" level="INFO">Opening url 'http://localhost:8000/app/users/'</msg>
<status status="PASS" starttime="20180731 21:03:50.361" endtime="20180731 21:03:50.799"></status>
</kw>
<kw name="Click Element" library="Selenium2Library">
<doc>Click element identified by ``locator``.</doc>
<arguments>
<arg>//table[@id='dataTableStudent']/tbody/tr/td[3]</arg>
</arguments>
<msg timestamp="20180731 21:03:50.800" level="INFO">Clicking element '//table[@id='dataTableStudent']/tbody/tr/td[3]'.</msg>
<status status="PASS" starttime="20180731 21:03:50.799" endtime="20180731 21:03:51.030"></status>
</kw>
<kw name="Click Button" library="Selenium2Library">
<doc>Clicks button identified by ``locator``.</doc>
<arguments>
<arg>id=vdeletestudentbtn</arg>
</arguments>
<msg timestamp="20180731 21:03:51.031" level="INFO">Clicking button 'id=vdeletestudentbtn'.</msg>
<status status="PASS" starttime="20180731 21:03:51.031" endtime="20180731 21:03:51.159"></status>
</kw>
<kw name="Wait Until Element Is Not Visible" library="Selenium2Library">
<doc>Waits until element ``locator`` is not visible.</doc>
<arguments>
<arg>id=vdeletestudentbtn</arg>
</arguments>
<status status="PASS" starttime="20180731 21:03:51.159" endtime="20180731 21:03:51.191"></status>
</kw>
<kw name="Go To" library="Selenium2Library">
<doc>Navigates the active browser instance to the provided ``url``.</doc>
<arguments>
<arg>http://localhost:8000/app/users/</arg>
</arguments>
<msg timestamp="20180731 21:03:51.192" level="INFO">Opening url 'http://localhost:8000/app/users/'</msg>
<status status="PASS" starttime="20180731 21:03:51.192" endtime="20180731 21:03:51.615"></status>
</kw>
<kw name="Wait Until Page Contains" library="Selenium2Library">
<doc>Waits until ``text`` appears on current page.</doc>
<arguments>
<arg>Đăng xuất</arg>
</arguments>
<status status="PASS" starttime="20180731 21:03:51.616" endtime="20180731 21:03:51.638"></status>
</kw>
<kw name="Click Link" library="Selenium2Library">
<doc>Clicks a link identified by ``locator``.</doc>
<arguments>
<arg>Đăng xuất</arg>
</arguments>
<msg timestamp="20180731 21:03:51.639" level="INFO">Clicking link 'Đăng xuất'.</msg>
<status status="PASS" starttime="20180731 21:03:51.638" endtime="20180731 21:03:52.480"></status>
</kw>
<kw name="Close Browser" library="Selenium2Library">
<doc>Closes the current browser.</doc>
<status status="PASS" starttime="20180731 21:03:52.480" endtime="20180731 21:03:52.570"></status>
</kw>
<status status="PASS" starttime="20180731 21:03:34.624" endtime="20180731 21:03:52.571" critical="yes"></status>
</test>
<status status="PASS" starttime="20180731 21:03:24.171" endtime="20180731 21:03:52.574"></status>
</suite>
<statistics>
<total>
<stat pass="2" fail="0">Critical Tests</stat>
<stat pass="2" fail="0">All Tests</stat>
</total>
<tag>
</tag>
<suite>
<stat pass="2" fail="0" id="s1" name="Testcase">Testcase</stat>
</suite>
</statistics>
<errors>
<msg timestamp="20180731 21:03:24.138" level="ERROR">Error in file '/Users/oh/Desktop/djangoCourse/TestRobot/Tests/testcase.robot': Setting 'Documentation' used multiple times.</msg>
</errors>
</robot>
